
2017-04-22 22:52:59...installerHook: Could not find custom/install/install_hooks.php
2017-04-22 22:53:03...installerHook: Could not find custom/install/install_hooks.php
2017-04-22 22:53:11...installerHook: Could not find custom/install/install_hooks.php
2017-04-22 22:53:15...Begin System Check Process *************
2017-04-22 22:53:15...XML Parsing Support Found
2017-04-22 22:53:15...MBString Support Found
2017-04-22 22:53:15...ZIP Support Found
2017-04-22 22:53:15.../custom directory and subdirectory check passed
2017-04-22 22:53:15...cache directory and subdirectory check passed
2017-04-22 22:53:17.../module  directory and subdirectory check passed
2017-04-22 22:53:17.../upload directory check passed
2017-04-22 22:53:17.../zip check passed
2017-04-22 22:53:17...PCRE version check passed
2017-04-22 22:53:17...installerHook: Could not find custom/install/install_hooks.php
2017-04-22 22:53:17...php.ini location found. D:\Program Files (x86)\sugarcrm-6.5.24\php\php.ini
2017-04-22 22:53:17...Outputting HTML for System check
2017-04-22 22:53:17...No Errors were found *************
2017-04-22 22:53:20...installerHook: Could not find custom/install/install_hooks.php
2017-04-22 22:53:27...installerHook: Could not find custom/install/install_hooks.php
2017-04-22 22:53:30...installerHook: Could not find custom/install/install_hooks.php
2017-04-22 22:53:44...Begin DB Check Process *************
2017-04-22 22:53:44...testing with mysql:mysqli
2017-04-22 22:53:44...Basic form info is valid, continuing Process.
2017-04-22 22:53:44...Testing user account...
2017-04-22 22:53:44...Connection made using  host: localhost:3366, usr: root
2017-04-22 22:53:44...Testing priviliged account...
2017-04-22 22:53:44...Connection made using  host: localhost:3366, usr: root
2017-04-22 22:53:44...DB not selected, will create sugarcrm
2017-04-22 22:53:44...Passed DB install check
2017-04-22 22:53:44...SUCCESS:: no errors detected!
2017-04-22 22:53:44...End DB Check Process *************
2017-04-22 22:53:44...installerHook: Could not find custom/install/install_hooks.php
2017-04-22 22:54:36...installerHook: Could not find custom/install/install_hooks.php
2017-04-22 22:54:49...installerHook: Could not find custom/install/install_hooks.php
2017-04-22 22:55:20...installerHook: Could not find custom/install/install_hooks.php
2017-04-22 22:55:20...calling handleSugarConfig()
2017-04-22 22:55:20...calling handleLog4Php()
2017-04-22 22:55:20...calling handleHtaccess()
2017-04-22 22:55:20...calling handleDbCreateDatabase()
2017-04-22 22:55:20...looping through all the Beans and create their tables
2017-04-22 22:55:20...processing table acl_actions
2017-04-22 22:55:20...creating table acl_actions
2017-04-22 22:55:20...creating Relationship Meta for ACLAction
2017-04-22 22:55:20...processing table acl_roles
2017-04-22 22:55:20...creating table acl_roles
2017-04-22 22:55:20...creating Relationship Meta for ACLRole
2017-04-22 22:55:20...processing table relationships
2017-04-22 22:55:20...creating table relationships
2017-04-22 22:55:20...creating Relationship Meta for Relationship
2017-04-22 22:55:20...processing table leads
2017-04-22 22:55:20...creating table leads
2017-04-22 22:55:20...creating Relationship Meta for Lead
2017-04-22 22:55:20...processing table cases
2017-04-22 22:55:20...creating table cases
2017-04-22 22:55:20...creating Relationship Meta for Case
2017-04-22 22:55:20...processing table bugs
2017-04-22 22:55:20...creating table bugs
2017-04-22 22:55:20...creating Relationship Meta for Bug
2017-04-22 22:55:20...processing table users
2017-04-22 22:55:20...creating table users
2017-04-22 22:55:20...creating Relationship Meta for User
2017-04-22 22:55:20...processing table campaign_log
2017-04-22 22:55:21...creating table campaign_log
2017-04-22 22:55:21...creating Relationship Meta for CampaignLog
2017-04-22 22:55:21...processing table project
2017-04-22 22:55:21...creating table project
2017-04-22 22:55:21...creating Relationship Meta for Project
2017-04-22 22:55:21...processing table project_task
2017-04-22 22:55:21...creating table project_task
2017-04-22 22:55:21...creating Relationship Meta for ProjectTask
2017-04-22 22:55:21...processing table campaigns
2017-04-22 22:55:21...creating table campaigns
2017-04-22 22:55:21...creating Relationship Meta for Campaign
2017-04-22 22:55:21...processing table prospect_lists
2017-04-22 22:55:22...creating table prospect_lists
2017-04-22 22:55:22...creating Relationship Meta for ProspectList
2017-04-22 22:55:22...processing table prospects
2017-04-22 22:55:22...creating table prospects
2017-04-22 22:55:22...creating Relationship Meta for Prospect
2017-04-22 22:55:22...processing table email_marketing
2017-04-22 22:55:22...creating table email_marketing
2017-04-22 22:55:22...creating Relationship Meta for EmailMarketing
2017-04-22 22:55:22...processing table campaign_trkrs
2017-04-22 22:55:22...creating table campaign_trkrs
2017-04-22 22:55:22...creating Relationship Meta for CampaignTracker
2017-04-22 22:55:22...processing table releases
2017-04-22 22:55:22...creating table releases
2017-04-22 22:55:22...creating Relationship Meta for Release
2017-04-22 22:55:22...processing table emailman
2017-04-22 22:55:22...creating table emailman
2017-04-22 22:55:22...creating Relationship Meta for EmailMan
2017-04-22 22:55:22...processing table schedulers
2017-04-22 22:55:22...creating table schedulers
2017-04-22 22:55:22...creating Relationship Meta for Scheduler
2017-04-22 22:55:22...processing table job_queue
2017-04-22 22:55:22...creating table job_queue
2017-04-22 22:55:22...creating Relationship Meta for SchedulersJob
2017-04-22 22:55:22...processing table contacts
2017-04-22 22:55:22...creating table contacts
2017-04-22 22:55:22...creating Relationship Meta for Contact
2017-04-22 22:55:22...processing table accounts
2017-04-22 22:55:22...creating table accounts
2017-04-22 22:55:22...creating Relationship Meta for Account
2017-04-22 22:55:22...processing table opportunities
2017-04-22 22:55:22...creating table opportunities
2017-04-22 22:55:22...creating Relationship Meta for Opportunity
2017-04-22 22:55:22...processing table email_templates
2017-04-22 22:55:22...creating table email_templates
2017-04-22 22:55:22...creating Relationship Meta for EmailTemplate
2017-04-22 22:55:23...processing table notes
2017-04-22 22:55:23...creating table notes
2017-04-22 22:55:23...creating Relationship Meta for Note
2017-04-22 22:55:23...processing table calls
2017-04-22 22:55:24...creating table calls
2017-04-22 22:55:24...creating Relationship Meta for Call
2017-04-22 22:55:24...processing table emails
2017-04-22 22:55:24...creating table emails
2017-04-22 22:55:24...creating Relationship Meta for Email
2017-04-22 22:55:24...processing table meetings
2017-04-22 22:55:24...creating table meetings
2017-04-22 22:55:24...creating Relationship Meta for Meeting
2017-04-22 22:55:24...processing table tasks
2017-04-22 22:55:25...creating table tasks
2017-04-22 22:55:25...creating Relationship Meta for Task
2017-04-22 22:55:25...processing table users
2017-04-22 22:55:25...processing table users
2017-04-22 22:55:25...processing table currencies
2017-04-22 22:55:25...creating table currencies
2017-04-22 22:55:25...creating Relationship Meta for Currency
2017-04-22 22:55:25...processing table tracker
2017-04-22 22:55:25...creating table tracker
2017-04-22 22:55:25...creating Relationship Meta for Tracker
2017-04-22 22:55:25...processing table import_maps
2017-04-22 22:55:25...creating table import_maps
2017-04-22 22:55:25...creating Relationship Meta for ImportMap
2017-04-22 22:55:25...processing table users_last_import
2017-04-22 22:55:25...creating table users_last_import
2017-04-22 22:55:25...creating Relationship Meta for UsersLastImport
2017-04-22 22:55:25...processing table config
2017-04-22 22:55:25...creating table config
2017-04-22 22:55:25...creating Relationship Meta for Administration
2017-04-22 22:55:25...processing table upgrade_history
2017-04-22 22:55:25...creating table upgrade_history
2017-04-22 22:55:25...creating Relationship Meta for UpgradeHistory
2017-04-22 22:55:25...processing table vcals
2017-04-22 22:55:25...creating table vcals
2017-04-22 22:55:25...creating Relationship Meta for vCal
2017-04-22 22:55:25...processing table versions
2017-04-22 22:55:25...creating table versions
2017-04-22 22:55:25...creating Relationship Meta for Version
2017-04-22 22:55:25...processing table roles
2017-04-22 22:55:25...creating table roles
2017-04-22 22:55:25...creating Relationship Meta for Role
2017-04-22 22:55:25...processing table documents
2017-04-22 22:55:25...creating table documents
2017-04-22 22:55:25...creating Relationship Meta for Document
2017-04-22 22:55:25...processing table document_revisions
2017-04-22 22:55:25...creating table document_revisions
2017-04-22 22:55:25...creating Relationship Meta for DocumentRevision
2017-04-22 22:55:25...processing table fields_meta_data
2017-04-22 22:55:25...creating table fields_meta_data
2017-04-22 22:55:25...creating Relationship Meta for FieldsMetaData
2017-04-22 22:55:25...processing table inbound_email
2017-04-22 22:55:25...creating table inbound_email
2017-04-22 22:55:25...creating Relationship Meta for InboundEmail
2017-04-22 22:55:25...processing table saved_search
2017-04-22 22:55:25...creating table saved_search
2017-04-22 22:55:25...creating Relationship Meta for SavedSearch
2017-04-22 22:55:25...processing table user_preferences
2017-04-22 22:55:25...creating table user_preferences
2017-04-22 22:55:25...creating Relationship Meta for UserPreference
2017-04-22 22:55:25...processing table 
2017-04-22 22:55:25...processing table email_addresses
2017-04-22 22:55:25...creating table email_addresses
2017-04-22 22:55:25...creating Relationship Meta for EmailAddress
2017-04-22 22:55:25...processing table emails_text
2017-04-22 22:55:25...creating table emails_text
2017-04-22 22:55:25...creating Relationship Meta for EmailText
2017-04-22 22:55:25...processing table sugarfeed
2017-04-22 22:55:25...creating table sugarfeed
2017-04-22 22:55:25...creating Relationship Meta for SugarFeed
2017-04-22 22:55:25...processing table eapm
2017-04-22 22:55:25...creating table eapm
2017-04-22 22:55:25...creating Relationship Meta for EAPM
2017-04-22 22:55:25...processing table oauth_consumer
2017-04-22 22:55:25...creating table oauth_consumer
2017-04-22 22:55:25...creating Relationship Meta for OAuthKey
2017-04-22 22:55:25...processing table oauth_tokens
2017-04-22 22:55:25...creating table oauth_tokens
2017-04-22 22:55:25...creating Relationship Meta for OAuthToken
2017-04-22 22:55:30...Begin creating Defaults
2017-04-22 22:55:30...insert defaults into config table
2017-04-22 22:55:30...Creating default users
2017-04-22 22:55:30...Creating default scheduler jobs
2017-04-22 22:55:30...Enable SugarFeeds
2017-04-22 22:55:30...Enable InsideView Connector
2017-04-22 22:55:30...Creating FTS logic hook
2017-04-22 22:55:30...populating the db with seed data
2017-04-22 22:56:01...Installation has completed *********
2017-04-22 22:56:12...installerHook: Could not find custom/install/install_hooks.php
2017-04-22 22:56:43...installerHook: Could not find custom/install/install_hooks.php